<?xml version="1.0" encoding="UTF-8"?>
<testsuite xmlns:xsi="http://www.w3.org/2001/XMLSchema-instance" xsi:noNamespaceSchemaLocation="https://maven.apache.org/surefire/maven-surefire-plugin/xsd/surefire-test-report.xsd" name="TestSuite" time="40.721" tests="3" errors="0" skipped="0" failures="1">
  <properties>
[...]
</properties>
  <testcase name="logintest" classname="com.banking.testcase.TC_LoginTest_001" time="2.979"/>
  <testcase name="verify" classname="com.banking.testcase.TC_LoginTest_001" time="3.026"/>
  <testcase name="addnewcustomer" classname="com.banking.testcase.TC_AddCustomerTest_003" time="23.561">
    <failure message="element click intercepted: Element &lt;input type=&quot;submit&quot; value=&quot;Submit&quot; name=&quot;sub&quot;&gt; is not clickable at point (281, 586). Other element would receive the click: &lt;iframe id=&quot;primis_playerSekindoSPlayer5ef5cfaf6b230&quot; title=&quot;Primis Player Videos&quot; scrolling=&quot;no&quot; allowfullscreen=&quot;&quot; style=&quot;border: none; position: fixed; bottom: 10px; width: 315px; height: 177px; box-shadow: rgba(0, 0, 0, 0.4) 1px 1px 6px 3px; border-radius: 1px; z-index: 2147483646; left: 10px;&quot;&gt;&lt;/iframe&gt;&#10;  (Session info: headless chrome=83.0.4103.116)&#10;Build info: version: &apos;3.141.59&apos;, revision: &apos;e82be7d358&apos;, time: &apos;2018-11-14T08:17:03&apos;&#10;System info: host: &apos;summi-ideapad&apos;, ip: &apos;127.0.1.1&apos;, os.name: &apos;Linux&apos;, os.arch: &apos;amd64&apos;, os.version: &apos;5.3.0-59-generic&apos;, java.version: &apos;1.8.0_241&apos;&#10;Driver info: org.openqa.selenium.chrome.ChromeDriver&#10;Capabilities {acceptInsecureCerts: false, browserName: chrome, browserVersion: 83.0.4103.116, chrome: {chromedriverVersion: 83.0.4103.39 (ccbf011cb2d2b..., userDataDir: /tmp/.com.google.Chrome.WTd9MO}, goog:chromeOptions: {debuggerAddress: localhost:9222}, javascriptEnabled: true, networkConnectionEnabled: false, pageLoadStrategy: normal, platform: LINUX, platformName: LINUX, proxy: Proxy(), setWindowRect: true, strictFileInteractability: false, timeouts: {implicit: 0, pageLoad: 300000, script: 30000}, unhandledPromptBehavior: dismiss and notify, webauthn:virtualAuthenticators: true}&#10;Session ID: 93b2d443a4f209f8ab0962c61d3b478a" type="org.openqa.selenium.ElementClickInterceptedException"><![CDATA[org.openqa.selenium.ElementClickInterceptedException: 
element click intercepted: Element <input type="submit" value="Submit" name="sub"> is not clickable at point (281, 586). Other element would receive the click: <iframe id="primis_playerSekindoSPlayer5ef5cfaf6b230" title="Primis Player Videos" scrolling="no" allowfullscreen="" style="border: none; position: fixed; bottom: 10px; width: 315px; height: 177px; box-shadow: rgba(0, 0, 0, 0.4) 1px 1px 6px 3px; border-radius: 1px; z-index: 2147483646; left: 10px;"></iframe>
  (Session info: headless chrome=83.0.4103.116)
Build info: version: '3.141.59', revision: 'e82be7d358', time: '2018-11-14T08:17:03'
System info: host: 'summi-ideapad', ip: '127.0.1.1', os.name: 'Linux', os.arch: 'amd64', os.version: '5.3.0-59-generic', java.version: '1.8.0_241'
Driver info: org.openqa.selenium.chrome.ChromeDriver
Capabilities {acceptInsecureCerts: false, browserName: chrome, browserVersion: 83.0.4103.116, chrome: {chromedriverVersion: 83.0.4103.39 (ccbf011cb2d2b..., userDataDir: /tmp/.com.google.Chrome.WTd9MO}, goog:chromeOptions: {debuggerAddress: localhost:9222}, javascriptEnabled: true, networkConnectionEnabled: false, pageLoadStrategy: normal, platform: LINUX, platformName: LINUX, proxy: Proxy(), setWindowRect: true, strictFileInteractability: false, timeouts: {implicit: 0, pageLoad: 300000, script: 30000}, unhandledPromptBehavior: dismiss and notify, webauthn:virtualAuthenticators: true}
Session ID: 93b2d443a4f209f8ab0962c61d3b478a
	at com.banking.testcase.TC_AddCustomerTest_003.addnewcustomer(TC_AddCustomerTest_003.java:48)
]]></failure>
    <system-out><![CDATA[ INFO [pool-1-thread-1] (TC_AddCustomerTest_003.java:16)- Username entered
 INFO [pool-1-thread-1] (TC_AddCustomerTest_003.java:18)- Password entered
 INFO [pool-1-thread-1] (TC_AddCustomerTest_003.java:20)- Login
 INFO [pool-1-thread-1] (TC_AddCustomerTest_003.java:26)- Providing customer details
OnFailure
Taking screenshot
Test 'addnewcustomer' FAILED
]]></system-out>
    <system-err><![CDATA[Starting ChromeDriver 83.0.4103.39 (ccbf011cb2d2b19b506d844400483861342c20cd-refs/branch-heads/4103@{#416}) on port 5670
Only local connections are allowed.
Please see https://chromedriver.chromium.org/security-considerations for suggestions on keeping ChromeDriver safe.
ChromeDriver was started successfully.
Jun 26, 2020 4:06:19 PM org.openqa.selenium.remote.ProtocolHandshake createSession
INFO: Detected dialect: W3C
No protocol specified
No protocol specified
No protocol specified
No protocol specified
No protocol specified
No protocol specified
No protocol specified
No protocol specified
No protocol specified
No protocol specified
No protocol specified
No protocol specified
No protocol specified
No protocol specified
No protocol specified
No protocol specified
No protocol specified
No protocol specified
No protocol specified
No protocol specified
No protocol specified
No protocol specified
No protocol specified
No protocol specified
No protocol specified
No protocol specified
No protocol specified
No protocol specified
No protocol specified
No protocol specified
No protocol specified
No protocol specified
No protocol specified
No protocol specified
No protocol specified
No protocol specified
No protocol specified
No protocol specified
No protocol specified
No protocol specified
No protocol specified
No protocol specified
No protocol specified
No protocol specified
No protocol specified
No protocol specified
No protocol specified
No protocol specified
No protocol specified
No protocol specified
No protocol specified
No protocol specified
No protocol specified
No protocol specified
No protocol specified
No protocol specified
No protocol specified
No protocol specified
No protocol specified
No protocol specified
No protocol specified
No protocol specified
No protocol specified
No protocol specified
No protocol specified
No protocol specified
No protocol specified
No protocol specified
No protocol specified
No protocol specified
No protocol specified
No protocol specified
No protocol specified
No protocol specified
No protocol specified
No protocol specified
No protocol specified
No protocol specified
No protocol specified
No protocol specified
No protocol specified
No protocol specified
No protocol specified
No protocol specified
No protocol specified
No protocol specified
No protocol specified
No protocol specified
No protocol specified
No protocol specified
No protocol specified
No protocol specified
No protocol specified
No protocol specified
No protocol specified
No protocol specified
No protocol specified
No protocol specified
No protocol specified
No protocol specified
No protocol specified
No protocol specified
No protocol specified
No protocol specified
No protocol specified
No protocol specified
No protocol specified
No protocol specified
No protocol specified
No protocol specified
No protocol specified
No protocol specified
No protocol specified
No protocol specified
No protocol specified
No protocol specified
No protocol specified
No protocol specified
No protocol specified
No protocol specified
No protocol specified
No protocol specified
No protocol specified
No protocol specified
No protocol specified
No protocol specified
No protocol specified
No protocol specified
No protocol specified
No protocol specified
No protocol specified
No protocol specified
No protocol specified
No protocol specified
No protocol specified
No protocol specified
No protocol specified
No protocol specified
No protocol specified
No protocol specified
No protocol specified
No protocol specified
No protocol specified
No protocol specified
No protocol specified
No protocol specified
No protocol specified
No protocol specified
No protocol specified
No protocol specified
No protocol specified
No protocol specified
No protocol specified
No protocol specified
No protocol specified
No protocol specified
No protocol specified
No protocol specified
No protocol specified
No protocol specified
No protocol specified
No protocol specified
No protocol specified
No protocol specified
No protocol specified
No protocol specified
No protocol specified
No protocol specified
No protocol specified
No protocol specified
No protocol specified
No protocol specified
No protocol specified
No protocol specified
No protocol specified
No protocol specified
No protocol specified
No protocol specified
No protocol specified
No protocol specified
No protocol specified
No protocol specified
No protocol specified
No protocol specified
No protocol specified
No protocol specified
No protocol specified
No protocol specified
No protocol specified
No protocol specified
No protocol specified
No protocol specified
No protocol specified
No protocol specified
No protocol specified
No protocol specified
No protocol specified
No protocol specified
No protocol specified
No protocol specified
No protocol specified
No protocol specified
No protocol specified
No protocol specified
No protocol specified
No protocol specified
No protocol specified
No protocol specified
No protocol specified
No protocol specified
No protocol specified
No protocol specified
No protocol specified
No protocol specified
No protocol specified
No protocol specified
No protocol specified
No protocol specified
No protocol specified
No protocol specified
No protocol specified
No protocol specified
No protocol specified
No protocol specified
No protocol specified
No protocol specified
No protocol specified
No protocol specified
No protocol specified
No protocol specified
No protocol specified
No protocol specified
No protocol specified
No protocol specified
No protocol specified
No protocol specified
No protocol specified
No protocol specified
No protocol specified
No protocol specified
No protocol specified
No protocol specified
No protocol specified
No protocol specified
No protocol specified
No protocol specified
No protocol specified
No protocol specified
No protocol specified
No protocol specified
No protocol specified
No protocol specified
No protocol specified
No protocol specified
No protocol specified
No protocol specified
No protocol specified
No protocol specified
No protocol specified
No protocol specified
No protocol specified
No protocol specified
No protocol specified
No protocol specified
No protocol specified
No protocol specified
No protocol specified
No protocol specified
No protocol specified
No protocol specified
No protocol specified
No protocol specified
No protocol specified
No protocol specified
No protocol specified
No protocol specified
No protocol specified
No protocol specified
No protocol specified
No protocol specified
No protocol specified
No protocol specified
No protocol specified
No protocol specified
No protocol specified
No protocol specified
No protocol specified
No protocol specified
No protocol specified
No protocol specified
No protocol specified
No protocol specified
No protocol specified
No protocol specified
No protocol specified
No protocol specified
No protocol specified
No protocol specified
No protocol specified
No protocol specified
No protocol specified
No protocol specified
No protocol specified
No protocol specified
No protocol specified
No protocol specified
No protocol specified
No protocol specified
No protocol specified
No protocol specified
No protocol specified
No protocol specified
No protocol specified
No protocol specified
No protocol specified
No protocol specified
No protocol specified
No protocol specified
No protocol specified
No protocol specified
No protocol specified
No protocol specified
No protocol specified
No protocol specified
No protocol specified
No protocol specified
No protocol specified
No protocol specified
No protocol specified
No protocol specified
No protocol specified
No protocol specified
No protocol specified
No protocol specified
No protocol specified
No protocol specified
No protocol specified
No protocol specified
No protocol specified
No protocol specified
No protocol specified
No protocol specified
No protocol specified
No protocol specified
No protocol specified
No protocol specified
No protocol specified
No protocol specified
No protocol specified
No protocol specified
No protocol specified
No protocol specified
No protocol specified
No protocol specified
No protocol specified
No protocol specified
No protocol specified
No protocol specified
No protocol specified
No protocol specified
No protocol specified
No protocol specified
No protocol specified
No protocol specified
No protocol specified
No protocol specified
No protocol specified
No protocol specified
No protocol specified
No protocol specified
No protocol specified
No protocol specified
No protocol specified
No protocol specified
No protocol specified
No protocol specified
No protocol specified
No protocol specified
No protocol specified
No protocol specified
No protocol specified
No protocol specified
No protocol specified
No protocol specified
No protocol specified
No protocol specified
No protocol specified
No protocol specified
No protocol specified
No protocol specified
No protocol specified
No protocol specified
No protocol specified
No protocol specified
No protocol specified
No protocol specified
No protocol specified
No protocol specified
No protocol specified
No protocol specified
No protocol specified
No protocol specified
No protocol specified
No protocol specified
No protocol specified
No protocol specified
No protocol specified
No protocol specified
No protocol specified
No protocol specified
No protocol specified
No protocol specified
No protocol specified
No protocol specified
No protocol specified
No protocol specified
No protocol specified
No protocol specified
No protocol specified
No protocol specified
No protocol specified
No protocol specified
No protocol specified
No protocol specified
No protocol specified
No protocol specified
No protocol specified
No protocol specified
No protocol specified
No protocol specified
No protocol specified
No protocol specified
No protocol specified
No protocol specified
No protocol specified
No protocol specified
No protocol specified
No protocol specified
No protocol specified
No protocol specified
No protocol specified
No protocol specified
No protocol specified
No protocol specified
No protocol specified
No protocol specified
No protocol specified
No protocol specified
No protocol specified
No protocol specified
No protocol specified
No protocol specified
No protocol specified
No protocol specified
No protocol specified
No protocol specified
No protocol specified
No protocol specified
No protocol specified
No protocol specified
No protocol specified
No protocol specified
No protocol specified
No protocol specified
No protocol specified
No protocol specified
No protocol specified
No protocol specified
No protocol specified
No protocol specified
No protocol specified
No protocol specified
No protocol specified
No protocol specified
No protocol specified
No protocol specified
No protocol specified
No protocol specified
No protocol specified
No protocol specified
No protocol specified
No protocol specified
No protocol specified
No protocol specified
No protocol specified
No protocol specified
No protocol specified
No protocol specified
No protocol specified
No protocol specified
No protocol specified
No protocol specified
No protocol specified
No protocol specified
No protocol specified
No protocol specified
No protocol specified
No protocol specified
No protocol specified
No protocol specified
No protocol specified
No protocol specified
No protocol specified
No protocol specified
No protocol specified
No protocol specified
No protocol specified
No protocol specified
No protocol specified
No protocol specified
No protocol specified
No protocol specified
No protocol specified
No protocol specified
No protocol specified
No protocol specified
No protocol specified
No protocol specified
No protocol specified
No protocol specified
No protocol specified
No protocol specified
No protocol specified
No protocol specified
No protocol specified
No protocol specified
No protocol specified
No protocol specified
No protocol specified
No protocol specified
No protocol specified
No protocol specified
No protocol specified
No protocol specified
No protocol specified
No protocol specified
No protocol specified
No protocol specified
No protocol specified
No protocol specified
No protocol specified
No protocol specified
No protocol specified
No protocol specified
No protocol specified
No protocol specified
No protocol specified
No protocol specified
No protocol specified
No protocol specified
No protocol specified
No protocol specified
No protocol specified
No protocol specified
No protocol specified
No protocol specified
No protocol specified
No protocol specified
No protocol specified
No protocol specified
No protocol specified
No protocol specified
No protocol specified
No protocol specified
No protocol specified
No protocol specified
No protocol specified
No protocol specified
No protocol specified
No protocol specified
No protocol specified
No protocol specified
No protocol specified
No protocol specified
No protocol specified
No protocol specified
No protocol specified
No protocol specified
No protocol specified
No protocol specified
No protocol specified
No protocol specified
No protocol specified
No protocol specified
No protocol specified
No protocol specified
No protocol specified
No protocol specified
No protocol specified
No protocol specified
No protocol specified
No protocol specified
No protocol specified
No protocol specified
No protocol specified
No protocol specified
No protocol specified
No protocol specified
No protocol specified
No protocol specified
No protocol specified
No protocol specified
No protocol specified
No protocol specified
No protocol specified
No protocol specified
No protocol specified
No protocol specified
No protocol specified
No protocol specified
No protocol specified
No protocol specified
No protocol specified
No protocol specified
No protocol specified
No protocol specified
No protocol specified
No protocol specified
No protocol specified
No protocol specified
No protocol specified
No protocol specified
No protocol specified
No protocol specified
No protocol specified
No protocol specified
No protocol specified
No protocol specified
No protocol specified
No protocol specified
No protocol specified
No protocol specified
No protocol specified
No protocol specified
No protocol specified
No protocol specified
No protocol specified
No protocol specified
No protocol specified
No protocol specified
No protocol specified
No protocol specified
No protocol specified
No protocol specified
No protocol specified
No protocol specified
No protocol specified
No protocol specified
No protocol specified
No protocol specified
No protocol specified
No protocol specified
No protocol specified
No protocol specified
No protocol specified
No protocol specified
No protocol specified
No protocol specified
No protocol specified
No protocol specified
No protocol specified
No protocol specified
No protocol specified
No protocol specified
No protocol specified
No protocol specified
No protocol specified
No protocol specified
No protocol specified
No protocol specified
No protocol specified
No protocol specified
No protocol specified
No protocol specified
No protocol specified
No protocol specified
No protocol specified
No protocol specified
No protocol specified
No protocol specified
No protocol specified
No protocol specified
No protocol specified
No protocol specified
No protocol specified
No protocol specified
No protocol specified
No protocol specified
No protocol specified
No protocol specified
No protocol specified
No protocol specified
No protocol specified
No protocol specified
No protocol specified
No protocol specified
No protocol specified
No protocol specified
No protocol specified
No protocol specified
No protocol specified
No protocol specified
No protocol specified
No protocol specified
No protocol specified
No protocol specified
No protocol specified
No protocol specified
No protocol specified
No protocol specified
No protocol specified
No protocol specified
No protocol specified
No protocol specified
No protocol specified
No protocol specified
No protocol specified
No protocol specified
No protocol specified
No protocol specified
No protocol specified
No protocol specified
No protocol specified
No protocol specified
No protocol specified
No protocol specified
No protocol specified
No protocol specified
No protocol specified
No protocol specified
No protocol specified
No protocol specified
No protocol specified
No protocol specified
No protocol specified
No protocol specified
No protocol specified
No protocol specified
No protocol specified
No protocol specified
No protocol specified
No protocol specified
No protocol specified
No protocol specified
No protocol specified
No protocol specified
No protocol specified
No protocol specified
No protocol specified
No protocol specified
No protocol specified
No protocol specified
No protocol specified
No protocol specified
No protocol specified
No protocol specified
No protocol specified
No protocol specified
No protocol specified
No protocol specified
No protocol specified
No protocol specified
No protocol specified
No protocol specified
No protocol specified
No protocol specified
No protocol specified
No protocol specified
No protocol specified
No protocol specified
No protocol specified
No protocol specified
No protocol specified
No protocol specified
No protocol specified
No protocol specified
No protocol specified
No protocol specified
No protocol specified
No protocol specified
No protocol specified
No protocol specified
No protocol specified
No protocol specified
No protocol specified
No protocol specified
No protocol specified
No protocol specified
No protocol specified
No protocol specified
No protocol specified
No protocol specified
No protocol specified
No protocol specified
No protocol specified
No protocol specified
No protocol specified
No protocol specified
No protocol specified
No protocol specified
No protocol specified
No protocol specified
No protocol specified
No protocol specified
No protocol specified
No protocol specified
No protocol specified
No protocol specified
No protocol specified
No protocol specified
No protocol specified
No protocol specified
No protocol specified
No protocol specified
No protocol specified
No protocol specified
No protocol specified
No protocol specified
No protocol specified
No protocol specified
No protocol specified
No protocol specified
No protocol specified
No protocol specified
No protocol specified
No protocol specified
No protocol specified
No protocol specified
No protocol specified
No protocol specified
No protocol specified
No protocol specified
No protocol specified
No protocol specified
No protocol specified
No protocol specified
No protocol specified
No protocol specified
No protocol specified
No protocol specified
No protocol specified
No protocol specified
No protocol specified
No protocol specified
No protocol specified
No protocol specified
No protocol specified
No protocol specified
No protocol specified
No protocol specified
No protocol specified
No protocol specified
No protocol specified
No protocol specified
No protocol specified
No protocol specified
No protocol specified
No protocol specified
No protocol specified
No protocol specified
No protocol specified
No protocol specified
No protocol specified
No protocol specified
No protocol specified
No protocol specified
No protocol specified
No protocol specified
No protocol specified
No protocol specified
No protocol specified
No protocol specified
No protocol specified
No protocol specified
No protocol specified
No protocol specified
No protocol specified
No protocol specified
No protocol specified
No protocol specified
No protocol specified
No protocol specified
No protocol specified
No protocol specified
No protocol specified
No protocol specified
No protocol specified
No protocol specified
No protocol specified
No protocol specified
No protocol specified
No protocol specified
No protocol specified
No protocol specified
No protocol specified
No protocol specified
No protocol specified
No protocol specified
No protocol specified
No protocol specified
No protocol specified
No protocol specified
No protocol specified
No protocol specified
No protocol specified
No protocol specified
No protocol specified
No protocol specified
No protocol specified
No protocol specified
No protocol specified
No protocol specified
No protocol specified
No protocol specified
No protocol specified
No protocol specified
No protocol specified
No protocol specified
No protocol specified
No protocol specified
No protocol specified
No protocol specified
No protocol specified
No protocol specified
No protocol specified
No protocol specified
No protocol specified
No protocol specified
No protocol specified
No protocol specified
No protocol specified
No protocol specified
No protocol specified
No protocol specified
No protocol specified
No protocol specified
No protocol specified
No protocol specified
No protocol specified
No protocol specified
No protocol specified
No protocol specified
No protocol specified
No protocol specified
No protocol specified
No protocol specified
No protocol specified
No protocol specified
No protocol specified
No protocol specified
No protocol specified
No protocol specified
No protocol specified
No protocol specified
No protocol specified
No protocol specified
No protocol specified
No protocol specified
No protocol specified
No protocol specified
No protocol specified
No protocol specified
No protocol specified
No protocol specified
No protocol specified
No protocol specified
No protocol specified
No protocol specified
No protocol specified
No protocol specified
No protocol specified
No protocol specified
No protocol specified
No protocol specified
No protocol specified
No protocol specified
No protocol specified
No protocol specified
No protocol specified
No protocol specified
No protocol specified
No protocol specified
No protocol specified
No protocol specified
No protocol specified
No protocol specified
No protocol specified
No protocol specified
No protocol specified
No protocol specified
No protocol specified
No protocol specified
No protocol specified
No protocol specified
No protocol specified
No protocol specified
No protocol specified
No protocol specified
No protocol specified
No protocol specified
No protocol specified
No protocol specified
No protocol specified
No protocol specified
No protocol specified
No protocol specified
No protocol specified
No protocol specified
No protocol specified
No protocol specified
No protocol specified
No protocol specified
No protocol specified
No protocol specified
No protocol specified
No protocol specified
No protocol specified
No protocol specified
No protocol specified
No protocol specified
No protocol specified
No protocol specified
No protocol specified
No protocol specified
No protocol specified
No protocol specified
No protocol specified
No protocol specified
No protocol specified
No protocol specified
No protocol specified
No protocol specified
No protocol specified
No protocol specified
No protocol specified
No protocol specified
No protocol specified
No protocol specified
No protocol specified
No protocol specified
No protocol specified
No protocol specified
No protocol specified
No protocol specified
No protocol specified
No protocol specified
No protocol specified
No protocol specified
No protocol specified
No protocol specified
No protocol specified
No protocol specified
No protocol specified
No protocol specified
No protocol specified
No protocol specified
No protocol specified
No protocol specified
No protocol specified
No protocol specified
No protocol specified
No protocol specified
No protocol specified
No protocol specified
No protocol specified
No protocol specified
No protocol specified
No protocol specified
No protocol specified
No protocol specified
No protocol specified
No protocol specified
No protocol specified
No protocol specified
No protocol specified
No protocol specified
No protocol specified
No protocol specified
No protocol specified
No protocol specified
No protocol specified
No protocol specified
No protocol specified
No protocol specified
No protocol specified
No protocol specified
No protocol specified
No protocol specified
No protocol specified
No protocol specified
No protocol specified
No protocol specified
No protocol specified
No protocol specified
No protocol specified
No protocol specified
No protocol specified
No protocol specified
No protocol specified
No protocol specified
No protocol specified
No protocol specified
No protocol specified
No protocol specified
No protocol specified
No protocol specified
No protocol specified
No protocol specified
No protocol specified
No protocol specified
No protocol specified
No protocol specified
No protocol specified
No protocol specified
No protocol specified
No protocol specified
No protocol specified
No protocol specified
No protocol specified
No protocol specified
No protocol specified
No protocol specified
No protocol specified
No protocol specified
No protocol specified
No protocol specified
No protocol specified
No protocol specified
No protocol specified
No protocol specified
No protocol specified
No protocol specified
No protocol specified
No protocol specified
No protocol specified
No protocol specified
No protocol specified
No protocol specified
No protocol specified
No protocol specified
No protocol specified
No protocol specified
No protocol specified
No protocol specified
No protocol specified
No protocol specified
No protocol specified
No protocol specified
No protocol specified
No protocol specified
No protocol specified
No protocol specified
No protocol specified
No protocol specified
No protocol specified
No protocol specified
No protocol specified
No protocol specified
No protocol specified
No protocol specified
No protocol specified
No protocol specified
No protocol specified
No protocol specified
No protocol specified
No protocol specified
No protocol specified
No protocol specified
No protocol specified
No protocol specified
No protocol specified
No protocol specified
No protocol specified
No protocol specified
No protocol specified
No protocol specified
No protocol specified
No protocol specified
No protocol specified
No protocol specified
No protocol specified
No protocol specified
No protocol specified
No protocol specified
No protocol specified
No protocol specified
No protocol specified
No protocol specified
No protocol specified
No protocol specified
No protocol specified
No protocol specified
No protocol specified
No protocol specified
No protocol specified
No protocol specified
No protocol specified
No protocol specified
No protocol specified
No protocol specified
No protocol specified
No protocol specified
No protocol specified
No protocol specified
No protocol specified
No protocol specified
No protocol specified
No protocol specified
No protocol specified
No protocol specified
No protocol specified
No protocol specified
No protocol specified
No protocol specified
No protocol specified
No protocol specified
No protocol specified
No protocol specified
No protocol specified
No protocol specified
No protocol specified
No protocol specified
No protocol specified
No protocol specified
No protocol specified
No protocol specified
No protocol specified
No protocol specified
No protocol specified
No protocol specified
No protocol specified
No protocol specified
No protocol specified
No protocol specified
No protocol specified
No protocol specified
No protocol specified
No protocol specified
No protocol specified
No protocol specified
No protocol specified
No protocol specified
No protocol specified
No protocol specified
No protocol specified
No protocol specified
No protocol specified
No protocol specified
No protocol specified
No protocol specified
No protocol specified
No protocol specified
No protocol specified
No protocol specified
No protocol specified
No protocol specified
No protocol specified
No protocol specified
No protocol specified
No protocol specified
No protocol specified
No protocol specified
No protocol specified
No protocol specified
No protocol specified
No protocol specified
No protocol specified
No protocol specified
No protocol specified
No protocol specified
No protocol specified
No protocol specified
No protocol specified
No protocol specified
No protocol specified
No protocol specified
No protocol specified
No protocol specified
No protocol specified
No protocol specified
No protocol specified
No protocol specified
No protocol specified
No protocol specified
No protocol specified
No protocol specified
No protocol specified
No protocol specified
No protocol specified
No protocol specified
No protocol specified
No protocol specified
No protocol specified
No protocol specified
No protocol specified
No protocol specified
No protocol specified
No protocol specified
No protocol specified
No protocol specified
No protocol specified
No protocol specified
No protocol specified
No protocol specified
No protocol specified
No protocol specified
No protocol specified
No protocol specified
No protocol specified
No protocol specified
No protocol specified
No protocol specified
No protocol specified
No protocol specified
No protocol specified
No protocol specified
No protocol specified
No protocol specified
No protocol specified
No protocol specified
No protocol specified
No protocol specified
No protocol specified
No protocol specified
No protocol specified
No protocol specified
No protocol specified
No protocol specified
No protocol specified
No protocol specified
No protocol specified
No protocol specified
No protocol specified
No protocol specified
No protocol specified
No protocol specified
No protocol specified
No protocol specified
No protocol specified
No protocol specified
No protocol specified
No protocol specified
No protocol specified
No protocol specified
No protocol specified
No protocol specified
No protocol specified
No protocol specified
No protocol specified
No protocol specified
No protocol specified
No protocol specified
No protocol specified
No protocol specified
No protocol specified
No protocol specified
No protocol specified
No protocol specified
No protocol specified
No protocol specified
No protocol specified
No protocol specified
No protocol specified
No protocol specified
No protocol specified
No protocol specified
No protocol specified
No protocol specified
No protocol specified
No protocol specified
No protocol specified
No protocol specified
No protocol specified
No protocol specified
No protocol specified
No protocol specified
No protocol specified
No protocol specified
No protocol specified
No protocol specified
No protocol specified
No protocol specified
No protocol specified
No protocol specified
No protocol specified
No protocol specified
No protocol specified
No protocol specified
No protocol specified
No protocol specified
No protocol specified
No protocol specified
No protocol specified
No protocol specified
No protocol specified
No protocol specified
No protocol specified
No protocol specified
No protocol specified
No protocol specified
No protocol specified
No protocol specified
No protocol specified
No protocol specified
No protocol specified
No protocol specified
No protocol specified
No protocol specified
No protocol specified
No protocol specified
No protocol specified
No protocol specified
No protocol specified
No protocol specified
No protocol specified
No protocol specified
No protocol specified
No protocol specified
No protocol specified
No protocol specified
No protocol specified
No protocol specified
No protocol specified
No protocol specified
No protocol specified
No protocol specified
No protocol specified
No protocol specified
No protocol specified
No protocol specified
No protocol specified
No protocol specified
No protocol specified
No protocol specified
No protocol specified
No protocol specified
No protocol specified
No protocol specified
No protocol specified
No protocol specified
No protocol specified
No protocol specified
No protocol specified
No protocol specified
No protocol specified
No protocol specified
No protocol specified
No protocol specified
No protocol specified
No protocol specified
No protocol specified
No protocol specified
No protocol specified
No protocol specified
No protocol specified
No protocol specified
No protocol specified
No protocol specified
No protocol specified
No protocol specified
No protocol specified
No protocol specified
No protocol specified
No protocol specified
No protocol specified
No protocol specified
No protocol specified
No protocol specified
No protocol specified
No protocol specified
No protocol specified
No protocol specified
No protocol specified
No protocol specified
No protocol specified
No protocol specified
No protocol specified
No protocol specified
No protocol specified
No protocol specified
No protocol specified
No protocol specified
No protocol specified
No protocol specified
No protocol specified
No protocol specified
No protocol specified
No protocol specified
No protocol specified
No protocol specified
No protocol specified
No protocol specified
No protocol specified
No protocol specified
No protocol specified
No protocol specified
No protocol specified
No protocol specified
No protocol specified
No protocol specified
No protocol specified
No protocol specified
No protocol specified
No protocol specified
No protocol specified
No protocol specified
No protocol specified
No protocol specified
No protocol specified
No protocol specified
No protocol specified
No protocol specified
No protocol specified
No protocol specified
No protocol specified
No protocol specified
No protocol specified
No protocol specified
No protocol specified
No protocol specified
No protocol specified
No protocol specified
No protocol specified
No protocol specified
No protocol specified
No protocol specified
No protocol specified
No protocol specified
No protocol specified
No protocol specified
No protocol specified
No protocol specified
No protocol specified
No protocol specified
No protocol specified
No protocol specified
No protocol specified
No protocol specified
No protocol specified
No protocol specified
No protocol specified
No protocol specified
No protocol specified
No protocol specified
No protocol specified
No protocol specified
No protocol specified
No protocol specified
No protocol specified
No protocol specified
No protocol specified
No protocol specified
No protocol specified
No protocol specified
No protocol specified
No protocol specified
No protocol specified
No protocol specified
No protocol specified
No protocol specified
No protocol specified
No protocol specified
No protocol specified
No protocol specified
No protocol specified
No protocol specified
No protocol specified
No protocol specified
No protocol specified
No protocol specified
No protocol specified
No protocol specified
No protocol specified
No protocol specified
No protocol specified
No protocol specified
No protocol specified
No protocol specified
No protocol specified
No protocol specified
No protocol specified
No protocol specified
No protocol specified
No protocol specified
No protocol specified
No protocol specified
No protocol specified
No protocol specified
No protocol specified
No protocol specified
No protocol specified
No protocol specified
No protocol specified
No protocol specified
No protocol specified
No protocol specified
No protocol specified
No protocol specified
No protocol specified
No protocol specified
No protocol specified
No protocol specified
No protocol specified
No protocol specified
No protocol specified
No protocol specified
No protocol specified
No protocol specified
No protocol specified
No protocol specified
No protocol specified
No protocol specified
No protocol specified
No protocol specified
No protocol specified
No protocol specified
No protocol specified
No protocol specified
No protocol specified
No protocol specified
No protocol specified
No protocol specified
No protocol specified
No protocol specified
No protocol specified
No protocol specified
No protocol specified
No protocol specified
No protocol specified
No protocol specified
No protocol specified
No protocol specified
No protocol specified
No protocol specified
No protocol specified
No protocol specified
No protocol specified
No protocol specified
No protocol specified
No protocol specified
No protocol specified
No protocol specified
No protocol specified
No protocol specified
No protocol specified
No protocol specified
No protocol specified
No protocol specified
No protocol specified
No protocol specified
No protocol specified
No protocol specified
No protocol specified
No protocol specified
No protocol specified
No protocol specified
No protocol specified
No protocol specified
No protocol specified
No protocol specified
No protocol specified
No protocol specified
No protocol specified
No protocol specified
No protocol specified
No protocol specified
No protocol specified
No protocol specified
No protocol specified
No protocol specified
No protocol specified
No protocol specified
No protocol specified
No protocol specified
No protocol specified
No protocol specified
No protocol specified
No protocol specified
No protocol specified
No protocol specified
No protocol specified
No protocol specified
No protocol specified
No protocol specified
No protocol specified
No protocol specified
No protocol specified
No protocol specified
No protocol specified
No protocol specified
No protocol specified
No protocol specified
No protocol specified
No protocol specified
No protocol specified
No protocol specified
No protocol specified
No protocol specified
No protocol specified
No protocol specified
No protocol specified
No protocol specified
No protocol specified
No protocol specified
No protocol specified
No protocol specified
No protocol specified
No protocol specified
No protocol specified
No protocol specified
No protocol specified
No protocol specified
No protocol specified
No protocol specified
No protocol specified
No protocol specified
No protocol specified
No protocol specified
No protocol specified
No protocol specified
No protocol specified
No protocol specified
No protocol specified
No protocol specified
No protocol specified
No protocol specified
No protocol specified
No protocol specified
No protocol specified
No protocol specified
No protocol specified
No protocol specified
No protocol specified
No protocol specified
No protocol specified
No protocol specified
No protocol specified
No protocol specified
No protocol specified
No protocol specified
No protocol specified
No protocol specified
No protocol specified
No protocol specified
No protocol specified
No protocol specified
No protocol specified
No protocol specified
No protocol specified
No protocol specified
No protocol specified
No protocol specified
No protocol specified
No protocol specified
No protocol specified
No protocol specified
No protocol specified
No protocol specified
No protocol specified
No protocol specified
No protocol specified
No protocol specified
No protocol specified
No protocol specified
No protocol specified
No protocol specified
No protocol specified
No protocol specified
No protocol specified
No protocol specified
No protocol specified
No protocol specified
No protocol specified
No protocol specified
No protocol specified
No protocol specified
No protocol specified
No protocol specified
No protocol specified
No protocol specified
No protocol specified
No protocol specified
No protocol specified
No protocol specified
No protocol specified
No protocol specified
No protocol specified
No protocol specified
No protocol specified
No protocol specified
No protocol specified
No protocol specified
No protocol specified
No protocol specified
No protocol specified
No protocol specified
No protocol specified
No protocol specified
No protocol specified
No protocol specified
No protocol specified
No protocol specified
No protocol specified
No protocol specified
No protocol specified
No protocol specified
No protocol specified
No protocol specified
No protocol specified
No protocol specified
No protocol specified
No protocol specified
No protocol specified
No protocol specified
No protocol specified
No protocol specified
No protocol specified
No protocol specified
No protocol specified
No protocol specified
No protocol specified
No protocol specified
No protocol specified
No protocol specified
No protocol specified
No protocol specified
No protocol specified
No protocol specified
No protocol specified
No protocol specified
No protocol specified
No protocol specified
No protocol specified
No protocol specified
No protocol specified
No protocol specified
No protocol specified
No protocol specified
No protocol specified
No protocol specified
No protocol specified
No protocol specified
No protocol specified
No protocol specified
No protocol specified
No protocol specified
No protocol specified
No protocol specified
No protocol specified
No protocol specified
No protocol specified
No protocol specified
No protocol specified
No protocol specified
No protocol specified
No protocol specified
No protocol specified
No protocol specified
No protocol specified
No protocol specified
No protocol specified
No protocol specified
No protocol specified
No protocol specified
No protocol specified
No protocol specified
No protocol specified
No protocol specified
No protocol specified
No protocol specified
No protocol specified
No protocol specified
No protocol specified
No protocol specified
No protocol specified
No protocol specified
No protocol specified
No protocol specified
No protocol specified
No protocol specified
No protocol specified
No protocol specified
No protocol specified
No protocol specified
No protocol specified
No protocol specified
No protocol specified
No protocol specified
No protocol specified
No protocol specified
No protocol specified
No protocol specified
No protocol specified
No protocol specified
No protocol specified
No protocol specified
No protocol specified
No protocol specified
No protocol specified
No protocol specified
No protocol specified
No protocol specified
No protocol specified
No protocol specified
No protocol specified
No protocol specified
No protocol specified
No protocol specified
No protocol specified
No protocol specified
No protocol specified
No protocol specified
No protocol specified
No protocol specified
No protocol specified
No protocol specified
No protocol specified
No protocol specified
No protocol specified
No protocol specified
No protocol specified
No protocol specified
No protocol specified
No protocol specified
No protocol specified
No protocol specified
No protocol specified
No protocol specified
No protocol specified
No protocol specified
No protocol specified
No protocol specified
No protocol specified
No protocol specified
No protocol specified
No protocol specified
No protocol specified
No protocol specified
No protocol specified
No protocol specified
No protocol specified
No protocol specified
No protocol specified
No protocol specified
No protocol specified
No protocol specified
No protocol specified
No protocol specified
No protocol specified
No protocol specified
No protocol specified
No protocol specified
No protocol specified
No protocol specified
No protocol specified
No protocol specified
No protocol specified
No protocol specified
No protocol specified
No protocol specified
No protocol specified
No protocol specified
No protocol specified
No protocol specified
No protocol specified
No protocol specified
No protocol specified
No protocol specified
No protocol specified
No protocol specified
No protocol specified
No protocol specified
No protocol specified
No protocol specified
No protocol specified
No protocol specified
No protocol specified
No protocol specified
No protocol specified
No protocol specified
No protocol specified
No protocol specified
No protocol specified
No protocol specified
No protocol specified
No protocol specified
No protocol specified
No protocol specified
No protocol specified
No protocol specified
No protocol specified
No protocol specified
No protocol specified
No protocol specified
No protocol specified
No protocol specified
No protocol specified
No protocol specified
No protocol specified
No protocol specified
No protocol specified
No protocol specified
No protocol specified
No protocol specified
No protocol specified
No protocol specified
No protocol specified
No protocol specified
No protocol specified
No protocol specified
No protocol specified
No protocol specified
No protocol specified
No protocol specified
No protocol specified
No protocol specified
No protocol specified
No protocol specified
No protocol specified
No protocol specified
No protocol specified
No protocol specified
No protocol specified
No protocol specified
No protocol specified
No protocol specified
No protocol specified
No protocol specified
No protocol specified
No protocol specified
No protocol specified
No protocol specified
No protocol specified
No protocol specified
No protocol specified
No protocol specified
No protocol specified
No protocol specified
No protocol specified
No protocol specified
No protocol specified
No protocol specified
No protocol specified
No protocol specified
No protocol specified
No protocol specified
No protocol specified
No protocol specified
No protocol specified
No protocol specified
No protocol specified
No protocol specified
No protocol specified
No protocol specified
No protocol specified
No protocol specified
No protocol specified
No protocol specified
No protocol specified
No protocol specified
No protocol specified
No protocol specified
No protocol specified
No protocol specified
No protocol specified
No protocol specified
No protocol specified
No protocol specified
No protocol specified
No protocol specified
No protocol specified
No protocol specified
No protocol specified
No protocol specified
No protocol specified
No protocol specified
No protocol specified
No protocol specified
No protocol specified
No protocol specified
No protocol specified
No protocol specified
No protocol specified
No protocol specified
No protocol specified
No protocol specified
No protocol specified
No protocol specified
No protocol specified
No protocol specified
No protocol specified
No protocol specified
No protocol specified
No protocol specified
No protocol specified
No protocol specified
No protocol specified
No protocol specified
No protocol specified
No protocol specified
No protocol specified
No protocol specified
No protocol specified
No protocol specified
No protocol specified
No protocol specified
No protocol specified
No protocol specified
No protocol specified
No protocol specified
No protocol specified
No protocol specified
No protocol specified
No protocol specified
No protocol specified
No protocol specified
No protocol specified
No protocol specified
No protocol specified
No protocol specified
No protocol specified
No protocol specified
No protocol specified
No protocol specified
No protocol specified
No protocol specified
No protocol specified
No protocol specified
No protocol specified
No protocol specified
No protocol specified
No protocol specified
No protocol specified
No protocol specified
No protocol specified
No protocol specified
No protocol specified
No protocol specified
No protocol specified
No protocol specified
No protocol specified
No protocol specified
No protocol specified
No protocol specified
No protocol specified
No protocol specified
No protocol specified
No protocol specified
No protocol specified
No protocol specified
No protocol specified
No protocol specified
No protocol specified
No protocol specified
No protocol specified
No protocol specified
No protocol specified
No protocol specified
No protocol specified
No protocol specified
No protocol specified
No protocol specified
No protocol specified
No protocol specified
No protocol specified
No protocol specified
No protocol specified
No protocol specified
No protocol specified
No protocol specified
No protocol specified
No protocol specified
No protocol specified
No protocol specified
No protocol specified
No protocol specified
No protocol specified
No protocol specified
No protocol specified
No protocol specified
No protocol specified
No protocol specified
No protocol specified
No protocol specified
No protocol specified
No protocol specified
No protocol specified
No protocol specified
No protocol specified
No protocol specified
No protocol specified
No protocol specified
No protocol specified
No protocol specified
No protocol specified
No protocol specified
No protocol specified
No protocol specified
No protocol specified
No protocol specified
No protocol specified
No protocol specified
No protocol specified
No protocol specified
No protocol specified
No protocol specified
No protocol specified
No protocol specified
No protocol specified
No protocol specified
No protocol specified
No protocol specified
No protocol specified
No protocol specified
No protocol specified
No protocol specified
No protocol specified
No protocol specified
No protocol specified
No protocol specified
No protocol specified
No protocol specified
No protocol specified
No protocol specified
No protocol specified
No protocol specified
No protocol specified
No protocol specified
No protocol specified
No protocol specified
No protocol specified
No protocol specified
No protocol specified
No protocol specified
No protocol specified
No protocol specified
No protocol specified
No protocol specified
No protocol specified
No protocol specified
No protocol specified
No protocol specified
No protocol specified
No protocol specified
No protocol specified
No protocol specified
No protocol specified
No protocol specified
No protocol specified
No protocol specified
No protocol specified
No protocol specified
No protocol specified
No protocol specified
No protocol specified
No protocol specified
No protocol specified
No protocol specified
No protocol specified
No protocol specified
No protocol specified
No protocol specified
No protocol specified
No protocol specified
No protocol specified
No protocol specified
No protocol specified
No protocol specified
No protocol specified
No protocol specified
No protocol specified
No protocol specified
No protocol specified
No protocol specified
No protocol specified
No protocol specified
No protocol specified
No protocol specified
No protocol specified
No protocol specified
No protocol specified
No protocol specified
No protocol specified
No protocol specified
No protocol specified
No protocol specified
No protocol specified
No protocol specified
No protocol specified
No protocol specified
No protocol specified
No protocol specified
No protocol specified
No protocol specified
No protocol specified
No protocol specified
No protocol specified
No protocol specified
No protocol specified
No protocol specified
No protocol specified
No protocol specified
No protocol specified
No protocol specified
No protocol specified
No protocol specified
No protocol specified
No protocol specified
No protocol specified
No protocol specified
No protocol specified
No protocol specified
No protocol specified
No protocol specified
No protocol specified
No protocol specified
No protocol specified
No protocol specified
No protocol specified
No protocol specified
No protocol specified
No protocol specified
No protocol specified
No protocol specified
No protocol specified
No protocol specified
No protocol specified
No protocol specified
No protocol specified
No protocol specified
No protocol specified
No protocol specified
No protocol specified
No protocol specified
No protocol specified
No protocol specified
No protocol specified
No protocol specified
No protocol specified
No protocol specified
No protocol specified
No protocol specified
No protocol specified
No protocol specified
No protocol specified
No protocol specified
No protocol specified
No protocol specified
No protocol specified
No protocol specified
No protocol specified
No protocol specified
No protocol specified
No protocol specified
No protocol specified
No protocol specified
No protocol specified
No protocol specified
No protocol specified
No protocol specified
No protocol specified
No protocol specified
No protocol specified
No protocol specified
No protocol specified
No protocol specified
No protocol specified
No protocol specified
No protocol specified
No protocol specified
No protocol specified
No protocol specified
No protocol specified
No protocol specified
No protocol specified
No protocol specified
No protocol specified
No protocol specified
No protocol specified
No protocol specified
No protocol specified
No protocol specified
No protocol specified
No protocol specified
No protocol specified
No protocol specified
No protocol specified
No protocol specified
No protocol specified
No protocol specified
No protocol specified
No protocol specified
No protocol specified
No protocol specified
No protocol specified
No protocol specified
No protocol specified
No protocol specified
No protocol specified
No protocol specified
No protocol specified
No protocol specified
No protocol specified
No protocol specified
No protocol specified
No protocol specified
No protocol specified
No protocol specified
No protocol specified
No protocol specified
No protocol specified
No protocol specified
No protocol specified
No protocol specified
No protocol specified
No protocol specified
No protocol specified
No protocol specified
No protocol specified
No protocol specified
No protocol specified
No protocol specified
No protocol specified
No protocol specified
No protocol specified
No protocol specified
No protocol specified
No protocol specified
No protocol specified
No protocol specified
No protocol specified
No protocol specified
No protocol specified
No protocol specified
No protocol specified
No protocol specified
No protocol specified
No protocol specified
No protocol specified
No protocol specified
No protocol specified
No protocol specified
No protocol specified
No protocol specified
No protocol specified
No protocol specified
No protocol specified
No protocol specified
No protocol specified
No protocol specified
No protocol specified
No protocol specified
No protocol specified
No protocol specified
No protocol specified
No protocol specified
No protocol specified
No protocol specified
No protocol specified
No protocol specified
No protocol specified
No protocol specified
No protocol specified
No protocol specified
No protocol specified
No protocol specified
No protocol specified
No protocol specified
No protocol specified
No protocol specified
No protocol specified
No protocol specified
No protocol specified
No protocol specified
No protocol specified
No protocol specified
No protocol specified
No protocol specified
No protocol specified
No protocol specified
No protocol specified
No protocol specified
No protocol specified
No protocol specified
No protocol specified
No protocol specified
No protocol specified
No protocol specified
No protocol specified
No protocol specified
No protocol specified
No protocol specified
No protocol specified
No protocol specified
No protocol specified
No protocol specified
No protocol specified
No protocol specified
No protocol specified
No protocol specified
No protocol specified
No protocol specified
No protocol specified
No protocol specified
No protocol specified
No protocol specified
No protocol specified
No protocol specified
No protocol specified
No protocol specified
No protocol specified
No protocol specified
No protocol specified
No protocol specified
No protocol specified
No protocol specified
No protocol specified
No protocol specified
No protocol specified
No protocol specified
No protocol specified
No protocol specified
No protocol specified
No protocol specified
No protocol specified
No protocol specified
No protocol specified
No protocol specified
No protocol specified
No protocol specified
No protocol specified
No protocol specified
No protocol specified
No protocol specified
No protocol specified
No protocol specified
No protocol specified
No protocol specified
No protocol specified
No protocol specified
No protocol specified
No protocol specified
No protocol specified
No protocol specified
No protocol specified
No protocol specified
No protocol specified
No protocol specified
No protocol specified
No protocol specified
No protocol specified
No protocol specified
No protocol specified
No protocol specified
No protocol specified
No protocol specified
No protocol specified
No protocol specified
No protocol specified
No protocol specified
No protocol specified
No protocol specified
No protocol specified
No protocol specified
No protocol specified
No protocol specified
No protocol specified
No protocol specified
No protocol specified
No protocol specified
No protocol specified
No protocol specified
No protocol specified
No protocol specified
No protocol specified
No protocol specified
No protocol specified
No protocol specified
No protocol specified
No protocol specified
No protocol specified
No protocol specified
No protocol specified
No protocol specified
No protocol specified
No protocol specified
No protocol specified
No protocol specified
No protocol specified
No protocol specified
No protocol specified
No protocol specified
No protocol specified
No protocol specified
No protocol specified
No protocol specified
No protocol specified
No protocol specified
No protocol specified
No protocol specified
No protocol specified
No protocol specified
No protocol specified
No protocol specified
No protocol specified
No protocol specified
No protocol specified
No protocol specified
No protocol specified
No protocol specified
No protocol specified
No protocol specified
No protocol specified
No protocol specified
No protocol specified
No protocol specified
No protocol specified
No protocol specified
No protocol specified
No protocol specified
No protocol specified
No protocol specified
No protocol specified
No protocol specified
No protocol specified
No protocol specified
No protocol specified
No protocol specified
No protocol specified
No protocol specified
No protocol specified
No protocol specified
No protocol specified
No protocol specified
No protocol specified
No protocol specified
No protocol specified
No protocol specified
No protocol specified
No protocol specified
No protocol specified
No protocol specified
No protocol specified
No protocol specified
No protocol specified
No protocol specified
No protocol specified
No protocol specified
No protocol specified
No protocol specified
No protocol specified
No protocol specified
No protocol specified
No protocol specified
No protocol specified
No protocol specified
No protocol specified
No protocol specified
No protocol specified
No protocol specified
No protocol specified
No protocol specified
No protocol specified
No protocol specified
No protocol specified
No protocol specified
No protocol specified
No protocol specified
No protocol specified
No protocol specified
No protocol specified
No protocol specified
No protocol specified
No protocol specified
No protocol specified
No protocol specified
No protocol specified
No protocol specified
No protocol specified
No protocol specified
No protocol specified
No protocol specified
No protocol specified
No protocol specified
No protocol specified
No protocol specified
No protocol specified
No protocol specified
No protocol specified
No protocol specified
No protocol specified
No protocol specified
No protocol specified
No protocol specified
No protocol specified
No protocol specified
No protocol specified
No protocol specified
No protocol specified
No protocol specified
No protocol specified
No protocol specified
No protocol specified
No protocol specified
No protocol specified
No protocol specified
No protocol specified
No protocol specified
No protocol specified
No protocol specified
No protocol specified
No protocol specified
No protocol specified
No protocol specified
No protocol specified
No protocol specified
No protocol specified
No protocol specified
No protocol specified
No protocol specified
No protocol specified
No protocol specified
No protocol specified
No protocol specified
No protocol specified
No protocol specified
No protocol specified
No protocol specified
No protocol specified
No protocol specified
No protocol specified
No protocol specified
No protocol specified
No protocol specified
No protocol specified
No protocol specified
No protocol specified
No protocol specified
No protocol specified
No protocol specified
No protocol specified
No protocol specified
No protocol specified
No protocol specified
No protocol specified
No protocol specified
No protocol specified
No protocol specified
No protocol specified
No protocol specified
No protocol specified
No protocol specified
No protocol specified
No protocol specified
No protocol specified
No protocol specified
No protocol specified
No protocol specified
No protocol specified
No protocol specified
No protocol specified
No protocol specified
No protocol specified
No protocol specified
No protocol specified
No protocol specified
No protocol specified
No protocol specified
No protocol specified
No protocol specified
No protocol specified
No protocol specified
No protocol specified
No protocol specified
No protocol specified
No protocol specified
No protocol specified
No protocol specified
No protocol specified
No protocol specified
No protocol specified
No protocol specified
No protocol specified
No protocol specified
No protocol specified
No protocol specified
No protocol specified
No protocol specified
No protocol specified
No protocol specified
No protocol specified
No protocol specified
No protocol specified
No protocol specified
No protocol specified
No protocol specified
No protocol specified
No protocol specified
No protocol specified
No protocol specified
No protocol specified
No protocol specified
No protocol specified
No protocol specified
No protocol specified
No protocol specified
No protocol specified
No protocol specified
No protocol specified
No protocol specified
No protocol specified
No protocol specified
No protocol specified
No protocol specified
No protocol specified
No protocol specified
No protocol specified
No protocol specified
No protocol specified
No protocol specified
No protocol specified
No protocol specified
No protocol specified
No protocol specified
No protocol specified
No protocol specified
No protocol specified
No protocol specified
No protocol specified
No protocol specified
No protocol specified
No protocol specified
No protocol specified
No protocol specified
No protocol specified
No protocol specified
No protocol specified
No protocol specified
No protocol specified
No protocol specified
No protocol specified
No protocol specified
No protocol specified
No protocol specified
No protocol specified
No protocol specified
No protocol specified
No protocol specified
No protocol specified
No protocol specified
No protocol specified
No protocol specified
No protocol specified
No protocol specified
No protocol specified
No protocol specified
No protocol specified
No protocol specified
No protocol specified
No protocol specified
No protocol specified
No protocol specified
No protocol specified
No protocol specified
No protocol specified
No protocol specified
No protocol specified
No protocol specified
No protocol specified
No protocol specified
No protocol specified
No protocol specified
No protocol specified
No protocol specified
No protocol specified
No protocol specified
No protocol specified
No protocol specified
No protocol specified
No protocol specified
No protocol specified
No protocol specified
No protocol specified
No protocol specified
No protocol specified
No protocol specified
No protocol specified
No protocol specified
No protocol specified
No protocol specified
No protocol specified
No protocol specified
No protocol specified
No protocol specified
No protocol specified
No protocol specified
No protocol specified
No protocol specified
No protocol specified
No protocol specified
No protocol specified
No protocol specified
No protocol specified
No protocol specified
No protocol specified
No protocol specified
No protocol specified
No protocol specified
No protocol specified
No protocol specified
No protocol specified
No protocol specified
No protocol specified
No protocol specified
No protocol specified
No protocol specified
No protocol specified
No protocol specified
No protocol specified
No protocol specified
No protocol specified
No protocol specified
No protocol specified
No protocol specified
No protocol specified
No protocol specified
No protocol specified
No protocol specified
No protocol specified
No protocol specified
No protocol specified
No protocol specified
No protocol specified
No protocol specified
No protocol specified
No protocol specified
No protocol specified
No protocol specified
No protocol specified
No protocol specified
No protocol specified
No protocol specified
No protocol specified
No protocol specified
No protocol specified
No protocol specified
No protocol specified
No protocol specified
No protocol specified
No protocol specified
No protocol specified
No protocol specified
No protocol specified
No protocol specified
No protocol specified
No protocol specified
No protocol specified
No protocol specified
No protocol specified
No protocol specified
No protocol specified
No protocol specified
No protocol specified
No protocol specified
No protocol specified
No protocol specified
No protocol specified
No protocol specified
No protocol specified
No protocol specified
No protocol specified
No protocol specified
No protocol specified
No protocol specified
No protocol specified
No protocol specified
No protocol specified
No protocol specified
No protocol specified
No protocol specified
No protocol specified
No protocol specified
No protocol specified
No protocol specified
No protocol specified
No protocol specified
No protocol specified
No protocol specified
No protocol specified
No protocol specified
No protocol specified
No protocol specified
No protocol specified
No protocol specified
No protocol specified
No protocol specified
No protocol specified
No protocol specified
No protocol specified
No protocol specified
No protocol specified
No protocol specified
No protocol specified
No protocol specified
No protocol specified
No protocol specified
No protocol specified
No protocol specified
No protocol specified
No protocol specified
No protocol specified
No protocol specified
No protocol specified
No protocol specified
No protocol specified
No protocol specified
No protocol specified
No protocol specified
No protocol specified
No protocol specified
No protocol specified
No protocol specified
No protocol specified
No protocol specified
No protocol specified
No protocol specified
No protocol specified
No protocol specified
No protocol specified
No protocol specified
No protocol specified
No protocol specified
No protocol specified
No protocol specified
No protocol specified
No protocol specified
No protocol specified
No protocol specified
No protocol specified
No protocol specified
No protocol specified
No protocol specified
No protocol specified
No protocol specified
No protocol specified
No protocol specified
No protocol specified
No protocol specified
No protocol specified
No protocol specified
No protocol specified
No protocol specified
No protocol specified
No protocol specified
No protocol specified
No protocol specified
No protocol specified
No protocol specified
No protocol specified
No protocol specified
No protocol specified
No protocol specified
No protocol specified
No protocol specified
No protocol specified
No protocol specified
No protocol specified
No protocol specified
No protocol specified
No protocol specified
No protocol specified
No protocol specified
No protocol specified
No protocol specified
No protocol specified
No protocol specified
No protocol specified
No protocol specified
No protocol specified
No protocol specified
No protocol specified
No protocol specified
No protocol specified
No protocol specified
No protocol specified
No protocol specified
No protocol specified
No protocol specified
No protocol specified
No protocol specified
No protocol specified
No protocol specified
No protocol specified
No protocol specified
No protocol specified
No protocol specified
No protocol specified
No protocol specified
No protocol specified
No protocol specified
No protocol specified
No protocol specified
No protocol specified
No protocol specified
No protocol specified
No protocol specified
No protocol specified
No protocol specified
No protocol specified
No protocol specified
No protocol specified
No protocol specified
No protocol specified
No protocol specified
No protocol specified
No protocol specified
No protocol specified
No protocol specified
No protocol specified
No protocol specified
No protocol specified
No protocol specified
No protocol specified
No protocol specified
No protocol specified
No protocol specified
No protocol specified
No protocol specified
No protocol specified
No protocol specified
No protocol specified
No protocol specified
No protocol specified
No protocol specified
No protocol specified
No protocol specified
No protocol specified
No protocol specified
No protocol specified
No protocol specified
No protocol specified
No protocol specified
No protocol specified
No protocol specified
No protocol specified
No protocol specified
No protocol specified
No protocol specified
No protocol specified
No protocol specified
No protocol specified
No protocol specified
No protocol specified
No protocol specified
No protocol specified
No protocol specified
No protocol specified
No protocol specified
No protocol specified
No protocol specified
No protocol specified
No protocol specified
No protocol specified
No protocol specified
No protocol specified
No protocol specified
No protocol specified
No protocol specified
No protocol specified
No protocol specified
No protocol specified
No protocol specified
No protocol specified
No protocol specified
No protocol specified
No protocol specified
No protocol specified
No protocol specified
No protocol specified
No protocol specified
No protocol specified
No protocol specified
No protocol specified
No protocol specified
No protocol specified
No protocol specified
No protocol specified
No protocol specified
No protocol specified
No protocol specified
No protocol specified
No protocol specified
No protocol specified
No protocol specified
No protocol specified
No protocol specified
No protocol specified
No protocol specified
No protocol specified
No protocol specified
No protocol specified
No protocol specified
No protocol specified
No protocol specified
No protocol specified
No protocol specified
No protocol specified
No protocol specified
No protocol specified
No protocol specified
No protocol specified
No protocol specified
No protocol specified
No protocol specified
No protocol specified
No protocol specified
No protocol specified
No protocol specified
No protocol specified
No protocol specified
No protocol specified
No protocol specified
No protocol specified
No protocol specified
No protocol specified
No protocol specified
No protocol specified
No protocol specified
No protocol specified
No protocol specified
No protocol specified
No protocol specified
No protocol specified
No protocol specified
No protocol specified
No protocol specified
No protocol specified
No protocol specified
No protocol specified
No protocol specified
No protocol specified
No protocol specified
No protocol specified
No protocol specified
No protocol specified
No protocol specified
No protocol specified
No protocol specified
No protocol specified
No protocol specified
No protocol specified
No protocol specified
No protocol specified
No protocol specified
No protocol specified
No protocol specified
No protocol specified
No protocol specified
No protocol specified
No protocol specified
No protocol specified
No protocol specified
No protocol specified
No protocol specified
No protocol specified
No protocol specified
No protocol specified
No protocol specified
No protocol specified
No protocol specified
No protocol specified
No protocol specified
No protocol specified
No protocol specified
No protocol specified
No protocol specified
No protocol specified
No protocol specified
No protocol specified
No protocol specified
No protocol specified
No protocol specified
No protocol specified
No protocol specified
No protocol specified
No protocol specified
No protocol specified
No protocol specified
No protocol specified
No protocol specified
No protocol specified
No protocol specified
No protocol specified
No protocol specified
No protocol specified
No protocol specified
No protocol specified
No protocol specified
No protocol specified
No protocol specified
No protocol specified
No protocol specified
No protocol specified
No protocol specified
No protocol specified
No protocol specified
No protocol specified
No protocol specified
No protocol specified
No protocol specified
No protocol specified
No protocol specified
No protocol specified
No protocol specified
No protocol specified
No protocol specified
No protocol specified
No protocol specified
No protocol specified
No protocol specified
No protocol specified
No protocol specified
No protocol specified
No protocol specified
No protocol specified
No protocol specified
No protocol specified
No protocol specified
No protocol specified
No protocol specified
No protocol specified
No protocol specified
No protocol specified
No protocol specified
No protocol specified
No protocol specified
No protocol specified
No protocol specified
No protocol specified
No protocol specified
No protocol specified
No protocol specified
No protocol specified
No protocol specified
No protocol specified
No protocol specified
No protocol specified
No protocol specified
No protocol specified
No protocol specified
No protocol specified
No protocol specified
No protocol specified
No protocol specified
No protocol specified
No protocol specified
No protocol specified
No protocol specified
No protocol specified
No protocol specified
No protocol specified
No protocol specified
No protocol specified
No protocol specified
No protocol specified
No protocol specified
No protocol specified
No protocol specified
No protocol specified
No protocol specified
No protocol specified
No protocol specified
No protocol specified
No protocol specified
No protocol specified
No protocol specified
No protocol specified
No protocol specified
No protocol specified
No protocol specified
No protocol specified
No protocol specified
No protocol specified
No protocol specified
No protocol specified
No protocol specified
No protocol specified
No protocol specified
No protocol specified
No protocol specified
No protocol specified
No protocol specified
No protocol specified
No protocol specified
No protocol specified
No protocol specified
No protocol specified
No protocol specified
No protocol specified
No protocol specified
No protocol specified
No protocol specified
No protocol specified
No protocol specified
No protocol specified
No protocol specified
No protocol specified
No protocol specified
No protocol specified
No protocol specified
No protocol specified
No protocol specified
No protocol specified
No protocol specified
No protocol specified
No protocol specified
No protocol specified
[...]
No protocol specified
No protocol specified
No protocol specified
No protocol specified
No protocol specified
No protocol specified
No protocol specified
No protocol specified
No protocol specified
No protocol specified
No protocol specified
No protocol specified
No protocol specified
No protocol specified
No protocol specified
No protocol specified
No protocol specified
No protocol specified
No protocol specified
No protocol specified
No protocol specified
No protocol specified
No protocol specified
No protocol specified
No protocol specified
No protocol specified
No protocol specified
No protocol specified
No protocol specified
No protocol specified
No protocol specified
No protocol specified
No protocol specified
No protocol specified
No protocol specified
No protocol specified
No protocol specified
No protocol specified
No protocol specified
No protocol specified
No protocol specified
No protocol specified
No protocol specified
No protocol specified
No protocol specified
No protocol specified
No protocol specified
No protocol specified
No protocol specified
No protocol specified
No protocol specified
No protocol specified
No protocol specified
No protocol specified
No protocol specified
No protocol specified
No protocol specified
No protocol specified
No protocol specified
No protocol specified
No protocol specified
No protocol specified
No protocol specified
No protocol specified
No protocol specified
No protocol specified
No protocol specified
No protocol specified
No protocol specified
No protocol specified
No protocol specified
No protocol specified
No protocol specified
No protocol specified
No protocol specified
No protocol specified
No protocol specified
No protocol specified
No protocol specified
No protocol specified
No protocol specified
No protocol specified
No protocol specified
No protocol specified
No protocol specified
No protocol specified
No protocol specified
No protocol specified
No protocol specified
No protocol specified
No protocol specified
No protocol specified
No protocol specified
No protocol specified
No protocol specified
No protocol specified
No protocol specified
No protocol specified
No protocol specified
No protocol specified
No protocol specified
No protocol specified
No protocol specified
No protocol specified
No protocol specified
No protocol specified
No protocol specified
No protocol specified
No protocol specified
No protocol specified
No protocol specified
No protocol specified
No protocol specified
No protocol specified
No protocol specified
No protocol specified
No protocol specified
No protocol specified
No protocol specified
No protocol specified
No protocol specified
No protocol specified
No protocol specified
No protocol specified
No protocol specified
No protocol specified
No protocol specified
No protocol specified
No protocol specified
No protocol specified
No protocol specified
No protocol specified
No protocol specified
No protocol specified
No protocol specified
No protocol specified
No protocol specified
No protocol specified
No protocol specified
No protocol specified
No protocol specified
No protocol specified
No protocol specified
No protocol specified
No protocol specified
No protocol specified
No protocol specified
No protocol specified
No protocol specified
No protocol specified
No protocol specified
No protocol specified
No protocol specified
No protocol specified
No protocol specified
No protocol specified
No protocol specified
No protocol specified
No protocol specified
No protocol specified
No protocol specified
No protocol specified
No protocol specified
No protocol specified
No protocol specified
No protocol specified
No protocol specified
No protocol specified
No protocol specified
No protocol specified
No protocol specified
No protocol specified
No protocol specified
No protocol specified
No protocol specified
No protocol specified
No protocol specified
No protocol specified
No protocol specified
No protocol specified
No protocol specified
No protocol specified
No protocol specified
No protocol specified
No protocol specified
No protocol specified
No protocol specified
No protocol specified
No protocol specified
No protocol specified
No protocol specified
No protocol specified
No protocol specified
No protocol specified
No protocol specified
No protocol specified
No protocol specified
No protocol specified
No protocol specified
No protocol specified
No protocol specified
No protocol specified
No protocol specified
No protocol specified
No protocol specified
No protocol specified
No protocol specified
No protocol specified
No protocol specified
No protocol specified
No protocol specified
No protocol specified
No protocol specified
No protocol specified
No protocol specified
No protocol specified
No protocol specified
No protocol specified
No protocol specified
No protocol specified
No protocol specified
No protocol specified
No protocol specified
No protocol specified
No protocol specified
No protocol specified
No protocol specified
No protocol specified
No protocol specified
No protocol specified
No protocol specified
No protocol specified
No protocol specified
No protocol specified
No protocol specified
No protocol specified
No protocol specified
No protocol specified
No protocol specified
No protocol specified
No protocol specified
No protocol specified
No protocol specified
No protocol specified
No protocol specified
No protocol specified
No protocol specified
No protocol specified
No protocol specified
No protocol specified
No protocol specified
No protocol specified
No protocol specified
No protocol specified
No protocol specified
No protocol specified
No protocol specified
No protocol specified
No protocol specified
No protocol specified
No protocol specified
No protocol specified
No protocol specified
No protocol specified
No protocol specified
No protocol specified
No protocol specified
No protocol specified
No protocol specified
No protocol specified
No protocol specified
No protocol specified
No protocol specified
No protocol specified
No protocol specified
No protocol specified
No protocol specified
No protocol specified
No protocol specified
No protocol specified
No protocol specified
No protocol specified
No protocol specified
No protocol specified
No protocol specified
No protocol specified
No protocol specified
No protocol specified
No protocol specified
No protocol specified
No protocol specified
No protocol specified
No protocol specified
No protocol specified
No protocol specified
No protocol specified
No protocol specified
No protocol specified
No protocol specified
No protocol specified
No protocol specified
No protocol specified
No protocol specified
No protocol specified
No protocol specified
No protocol specified
No protocol specified
No protocol specified
No protocol specified
No protocol specified
No protocol specified
No protocol specified
No protocol specified
No protocol specified
No protocol specified
No protocol specified
No protocol specified
No protocol specified
No protocol specified
No protocol specified
No protocol specified
No protocol specified
No protocol specified
No protocol specified
No protocol specified
No protocol specified
No protocol specified
No protocol specified
No protocol specified
No protocol specified
No protocol specified
No protocol specified
No protocol specified
No protocol specified
No protocol specified
No protocol specified
No protocol specified
No protocol specified
No protocol specified
No protocol specified
No protocol specified
No protocol specified
No protocol specified
No protocol specified
No protocol specified
No protocol specified
No protocol specified
No protocol specified
No protocol specified
No protocol specified
No protocol specified
No protocol specified
No protocol specified
No protocol specified
No protocol specified
No protocol specified
No protocol specified
No protocol specified
No protocol specified
No protocol specified
No protocol specified
No protocol specified
No protocol specified
No protocol specified
No protocol specified
No protocol specified
No protocol specified
No protocol specified
No protocol specified
No protocol specified
No protocol specified
No protocol specified
No protocol specified
No protocol specified
No protocol specified
No protocol specified
No protocol specified
No protocol specified
No protocol specified
No protocol specified
No protocol specified
No protocol specified
No protocol specified
No protocol specified
No protocol specified
No protocol specified
No protocol specified
No protocol specified
No protocol specified
No protocol specified
No protocol specified
No protocol specified
No protocol specified
No protocol specified
No protocol specified
No protocol specified
No protocol specified
No protocol specified
No protocol specified
No protocol specified
No protocol specified
No protocol specified
No protocol specified
No protocol specified
No protocol specified
No protocol specified
No protocol specified
No protocol specified
No protocol specified
No protocol specified
No protocol specified
No protocol specified
No protocol specified
No protocol specified
No protocol specified
No protocol specified
No protocol specified
No protocol specified
No protocol specified
No protocol specified
No protocol specified
No protocol specified
No protocol specified
No protocol specified
No protocol specified
No protocol specified
No protocol specified
No protocol specified
No protocol specified
No protocol specified
No protocol specified
No protocol specified
No protocol specified
No protocol specified
No protocol specified
No protocol specified
No protocol specified
No protocol specified
No protocol specified
No protocol specified
No protocol specified
No protocol specified
No protocol specified
No protocol specified
No protocol specified
No protocol specified
No protocol specified
No protocol specified
No protocol specified
No protocol specified
No protocol specified
No protocol specified
No protocol specified
No protocol specified
No protocol specified
No protocol specified
No protocol specified
No protocol specified
No protocol specified
No protocol specified
No protocol specified
No protocol specified
No protocol specified
No protocol specified
No protocol specified
No protocol specified
No protocol specified
No protocol specified
No protocol specified
No protocol specified
No protocol specified
No protocol specified
No protocol specified
No protocol specified
No protocol specified
No protocol specified
No protocol specified
No protocol specified
No protocol specified
No protocol specified
No protocol specified
No protocol specified
No protocol specified
No protocol specified
No protocol specified
No protocol specified
No protocol specified
No protocol specified
No protocol specified
No protocol specified
No protocol specified
No protocol specified
No protocol specified
No protocol specified
No protocol specified
No protocol specified
No protocol specified
No protocol specified
No protocol specified
No protocol specified
No protocol specified
No protocol specified
No protocol specified
No protocol specified
No protocol specified
No protocol specified
No protocol specified
No protocol specified
No protocol specified
No protocol specified
No protocol specified
No protocol specified
No protocol specified
No protocol specified
No protocol specified
No protocol specified
No protocol specified
No protocol specified
No protocol specified
No protocol specified
No protocol specified
No protocol specified
No protocol specified
No protocol specified
No protocol specified
No protocol specified
No protocol specified
No protocol specified
No protocol specified
No protocol specified
No protocol specified
No protocol specified
No protocol specified
No protocol specified
No protocol specified
No protocol specified
No protocol specified
No protocol specified
No protocol specified
No protocol specified
No protocol specified
No protocol specified
No protocol specified
No protocol specified
No protocol specified
No protocol specified
No protocol specified
No protocol specified
No protocol specified
No protocol specified
No protocol specified
No protocol specified
No protocol specified
No protocol specified
No protocol specified
No protocol specified
No protocol specified
No protocol specified
No protocol specified
No protocol specified
No protocol specified
No protocol specified
No protocol specified
No protocol specified
No protocol specified
No protocol specified
No protocol specified
No protocol specified
No protocol specified
No protocol specified
No protocol specified
No protocol specified
No protocol specified
No protocol specified
No protocol specified
No protocol specified
No protocol specified
No protocol specified
No protocol specified
No protocol specified
No protocol specified
No protocol specified
No protocol specified
No protocol specified
No protocol specified
No protocol specified
No protocol specified
No protocol specified
No protocol specified
No protocol specified
No protocol specified
No protocol specified
No protocol specified
No protocol specified
No protocol specified
No protocol specified
No protocol specified
No protocol specified
No protocol specified
No protocol specified
No protocol specified
No protocol specified
No protocol specified
No protocol specified
No protocol specified
No protocol specified
No protocol specified
No protocol specified
No protocol specified
No protocol specified
No protocol specified
No protocol specified
No protocol specified
No protocol specified
No protocol specified
No protocol specified
No protocol specified
No protocol specified
No protocol specified
No protocol specified
No protocol specified
No protocol specified
No protocol specified
No protocol specified
No protocol specified
No protocol specified
No protocol specified
No protocol specified
No protocol specified
No protocol specified
No protocol specified
No protocol specified
No protocol specified
No protocol specified
No protocol specified
No protocol specified
No protocol specified
No protocol specified
No protocol specified
No protocol specified
No protocol specified
No protocol specified
No protocol specified
No protocol specified
No protocol specified
No protocol specified
No protocol specified
No protocol specified
No protocol specified
No protocol specified
No protocol specified
No protocol specified
No protocol specified
No protocol specified
No protocol specified
No protocol specified
No protocol specified
No protocol specified
No protocol specified
No protocol specified
No protocol specified
No protocol specified
No protocol specified
No protocol specified
No protocol specified
No protocol specified
No protocol specified
No protocol specified
No protocol specified
No protocol specified
No protocol specified
No protocol specified
No protocol specified
No protocol specified
No protocol specified
No protocol specified
No protocol specified
No protocol specified
No protocol specified
No protocol specified
No protocol specified
No protocol specified
No protocol specified
No protocol specified
No protocol specified
No protocol specified
No protocol specified
No protocol specified
No protocol specified
No protocol specified
No protocol specified
No protocol specified
No protocol specified
No protocol specified
No protocol specified
No protocol specified
No protocol specified
No protocol specified
No protocol specified
No protocol specified
No protocol specified
No protocol specified
No protocol specified
No protocol specified
No protocol specified
No protocol specified
No protocol specified
No protocol specified
No protocol specified
No protocol specified
No protocol specified
No protocol specified
No protocol specified
No protocol specified
No protocol specified
No protocol specified
No protocol specified
No protocol specified
No protocol specified
No protocol specified
No protocol specified
No protocol specified
No protocol specified
No protocol specified
No protocol specified
No protocol specified
No protocol specified
No protocol specified
No protocol specified
No protocol specified
No protocol specified
No protocol specified
No protocol specified
No protocol specified
No protocol specified
No protocol specified
No protocol specified
No protocol specified
No protocol specified
No protocol specified
No protocol specified
No protocol specified
No protocol specified
No protocol specified
No protocol specified
No protocol specified
No protocol specified
No protocol specified
No protocol specified
No protocol specified
No protocol specified
No protocol specified
No protocol specified
No protocol specified
No protocol specified
No protocol specified
No protocol specified
No protocol specified
No protocol specified
No protocol specified
No protocol specified
No protocol specified
No protocol specified
No protocol specified
No protocol specified
No protocol specified
No protocol specified
No protocol specified
No protocol specified
No protocol specified
No protocol specified
No protocol specified
No protocol specified
No protocol specified
No protocol specified
No protocol specified
No protocol specified
No protocol specified
No protocol specified
No protocol specified
No protocol specified
No protocol specified
No protocol specified
No protocol specified
No protocol specified
No protocol specified
No protocol specified
No protocol specified
No protocol specified
No protocol specified
No protocol specified
No protocol specified
No protocol specified
No protocol specified
No protocol specified
No protocol specified
No protocol specified
No protocol specified
No protocol specified
No protocol specified
No protocol specified
No protocol specified
No protocol specified
No protocol specified
No protocol specified
No protocol specified
No protocol specified
No protocol specified
No protocol specified
No protocol specified
No protocol specified
No protocol specified
No protocol specified
No protocol specified
No protocol specified
No protocol specified
No protocol specified
No protocol specified
No protocol specified
No protocol specified
No protocol specified
No protocol specified
No protocol specified
No protocol specified
No protocol specified
No protocol specified
No protocol specified
No protocol specified
No protocol specified
No protocol specified
No protocol specified
No protocol specified
No protocol specified
No protocol specified
No protocol specified
No protocol specified
No protocol specified
No protocol specified
No protocol specified
No protocol specified
No protocol specified
No protocol specified
No protocol specified
No protocol specified
No protocol specified
No protocol specified
No protocol specified
No protocol specified
No protocol specified
No protocol specified
No protocol specified
No protocol specified
No protocol specified
No protocol specified
No protocol specified
No protocol specified
No protocol specified
No protocol specified
No protocol specified
No protocol specified
No protocol specified
No protocol specified
No protocol specified
No protocol specified
No protocol specified
No protocol specified
No protocol specified
No protocol specified
No protocol specified
No protocol specified
No protocol specified
No protocol specified
No protocol specified
No protocol specified
No protocol specified
No protocol specified
No protocol specified
No protocol specified
No protocol specified
No protocol specified
No protocol specified
No protocol specified
No protocol specified
No protocol specified
No protocol specified
No protocol specified
No protocol specified
No protocol specified
No protocol specified
No protocol specified
No protocol specified
No protocol specified
No protocol specified
No protocol specified
No protocol specified
No protocol specified
No protocol specified
No protocol specified
No protocol specified
No protocol specified
No protocol specified
No protocol specified
No protocol specified
No protocol specified
No protocol specified
No protocol specified
No protocol specified
]]></system-err>
  </testcase>
</testsuite>