<?xml version="1.0" encoding="UTF-8"?>
<!-- Generated by org.testng.reporters.JUnitXMLReporter -->
<testsuite hostname="summi-ideapad" ignored="0" name="Banking" tests="3" failures="0" timestamp="26 Jun 2020 10:42:48 GMT" time="43.464" errors="0">
  <testcase name="logintest" time="2.785" classname="com.banking.testcase.TC_LoginTest_001"/>
  <testcase name="verify" time="3.014" classname="com.banking.testcase.TC_LoginTest_001"/>
  <testcase name="addnewcustomer" time="25.89" classname="com.banking.testcase.TC_AddCustomerTest_003"/>
</testsuite> <!-- Banking -->
